2024-04-19 20:19:54,808 [Worker-1: Loading available Gradle versions] INFO  o.e.b.c.i.u.g.PublishedGradleVersions - Gradle version information cache is up-to-date. Trying to read.
2024-04-19 20:20:20,625 [Worker-37: Updating Maven Dependencies] INFO  o.e.m.c.i.l.LifecycleMappingFactory - Using org.eclipse.m2e.jdt.JarLifecycleMapping lifecycle mapping for MavenProject: huy.com:QuanLiLuongSanPham:0.0.1-SNAPSHOT @ C:\BaiTapLonPhanTan\QuanLiLuongSanPham\pom.xml.
2024-04-19 20:20:21,435 [Worker-33: Building] INFO  o.e.m.c.i.l.LifecycleMappingFactory - Using org.eclipse.m2e.jdt.JarLifecycleMapping lifecycle mapping for MavenProject: huy.com:QuanLiLuongSanPham:0.0.1-SNAPSHOT @ C:\BaiTapLonPhanTan\QuanLiLuongSanPham\pom.xml.
2024-04-19 20:20:21,494 [Worker-37: Updating Maven Dependencies] INFO  o.e.m.c.i.e.AbstractTransferListenerAdapter - Downloading https://repo.maven.apache.org/maven2/org/projectlombok/lombok/1.18.32/lombok-1.18.32.pom
2024-04-19 20:20:21,511 [Worker-37: Updating Maven Dependencies] INFO  o.e.m.c.i.e.AbstractTransferListenerAdapter - Downloaded https://repo.maven.apache.org/maven2/org/projectlombok/lombok/1.18.32/lombok-1.18.32.pom
2024-04-19 20:20:21,558 [Worker-37: Updating Maven Dependencies] INFO  o.e.m.c.i.e.AbstractTransferListenerAdapter - Downloading https://repo.maven.apache.org/maven2/jakarta/persistence/jakarta.persistence-api/3.2.0-M2/jakarta.persistence-api-3.2.0-M2.pom
2024-04-19 20:20:21,597 [Worker-37: Updating Maven Dependencies] INFO  o.e.m.c.i.e.AbstractTransferListenerAdapter - Downloaded https://repo.maven.apache.org/maven2/jakarta/persistence/jakarta.persistence-api/3.2.0-M2/jakarta.persistence-api-3.2.0-M2.pom
2024-04-19 20:20:21,647 [Worker-37: Updating Maven Dependencies] INFO  o.e.m.c.i.e.AbstractTransferListenerAdapter - Downloading https://repo.maven.apache.org/maven2/org/eclipse/ee4j/project/1.0.9/project-1.0.9.pom
2024-04-19 20:20:21,657 [Worker-37: Updating Maven Dependencies] INFO  o.e.m.c.i.e.AbstractTransferListenerAdapter - Downloaded https://repo.maven.apache.org/maven2/org/eclipse/ee4j/project/1.0.9/project-1.0.9.pom
2024-04-19 20:20:21,669 [Worker-37: Updating Maven Dependencies] WARN  o.e.m.c.i.embedder.EclipseLogger - The artifact org.hibernate:hibernate-core:jar:6.4.4.Final has been relocated to org.hibernate.orm:hibernate-core:jar:6.4.4.Final
2024-04-19 20:20:21,669 [Worker-33: Building] WARN  o.e.m.c.i.embedder.EclipseLogger - The artifact org.hibernate:hibernate-core:jar:6.4.4.Final has been relocated to org.hibernate.orm:hibernate-core:jar:6.4.4.Final
2024-04-19 20:20:21,860 [Worker-33: Building] INFO  o.e.m.c.i.e.AbstractTransferListenerAdapter - Downloading https://repo.maven.apache.org/maven2/org/projectlombok/lombok/1.18.32/lombok-1.18.32.jar
2024-04-19 20:20:22,146 [Worker-33: Building] INFO  o.e.m.c.i.e.AbstractTransferListenerAdapter - Downloaded https://repo.maven.apache.org/maven2/org/projectlombok/lombok/1.18.32/lombok-1.18.32.jar
2024-04-19 20:20:22,189 [BasicRepositoryConnector-repo.maven.apache.org-0-0] INFO  o.e.m.c.i.e.AbstractTransferListenerAdapter - Downloading https://repo.maven.apache.org/maven2/jakarta/persistence/jakarta.persistence-api/3.2.0-M2/jakarta.persistence-api-3.2.0-M2.jar
2024-04-19 20:20:22,214 [BasicRepositoryConnector-repo.maven.apache.org-0-0] INFO  o.e.m.c.i.e.AbstractTransferListenerAdapter - Downloaded https://repo.maven.apache.org/maven2/jakarta/persistence/jakarta.persistence-api/3.2.0-M2/jakarta.persistence-api-3.2.0-M2.jar
2024-04-19 20:20:22,605 [Worker-33: Building] WARN  o.a.m.s.f.DefaultMavenResourcesFiltering - Using platform encoding (UTF-8 actually) to copy filtered resources, i.e. build is platform dependent!
2024-04-19 20:20:22,608 [Worker-33: Building] INFO  o.a.m.s.f.DefaultMavenResourcesFiltering - Copying 0 resource from src\main\resources to target\classes
2024-04-19 20:20:22,612 [Worker-33: Building] WARN  o.a.m.s.f.DefaultMavenResourcesFiltering - Using platform encoding (UTF-8 actually) to copy filtered resources, i.e. build is platform dependent!
2024-04-19 20:20:22,613 [Worker-33: Building] INFO  o.a.m.s.f.DefaultMavenResourcesFiltering - Copying 0 resource from src\test\resources to target\test-classes
2024-04-19 20:20:23,510 [Worker-21: Download sources and javadoc] INFO  o.e.m.c.i.e.AbstractTransferListenerAdapter - Downloading https://repo.maven.apache.org/maven2/org/projectlombok/lombok/1.18.32/lombok-1.18.32-sources.jar
2024-04-19 20:20:23,780 [Worker-21: Download sources and javadoc] INFO  o.e.m.c.i.e.AbstractTransferListenerAdapter - Downloaded https://repo.maven.apache.org/maven2/org/projectlombok/lombok/1.18.32/lombok-1.18.32-sources.jar
2024-04-19 20:20:23,786 [Worker-21: Download sources and javadoc] INFO  o.e.m.j.internal.DownloadSourcesJob - Downloaded sources for org.projectlombok:lombok:1.18.32
2024-04-19 20:20:23,913 [Worker-21: Download sources and javadoc] INFO  o.e.m.c.i.e.AbstractTransferListenerAdapter - Downloading https://repo.maven.apache.org/maven2/jakarta/persistence/jakarta.persistence-api/3.2.0-M2/jakarta.persistence-api-3.2.0-M2-sources.jar
2024-04-19 20:20:24,045 [Worker-21: Download sources and javadoc] INFO  o.e.m.c.i.e.AbstractTransferListenerAdapter - Downloaded https://repo.maven.apache.org/maven2/jakarta/persistence/jakarta.persistence-api/3.2.0-M2/jakarta.persistence-api-3.2.0-M2-sources.jar
2024-04-19 20:20:24,048 [Worker-21: Download sources and javadoc] INFO  o.e.m.j.internal.DownloadSourcesJob - Downloaded sources for jakarta.persistence:jakarta.persistence-api:3.2.0-M2
2024-04-19 20:20:24,866 [Worker-21: Updating Maven Dependencies] INFO  o.e.m.c.i.l.LifecycleMappingFactory - Using org.eclipse.m2e.jdt.JarLifecycleMapping lifecycle mapping for MavenProject: huy.com:QuanLiLuongSanPham:0.0.1-SNAPSHOT @ C:\BaiTapLonPhanTan\QuanLiLuongSanPham\pom.xml.
2024-04-19 20:20:25,089 [Worker-21: Updating Maven Dependencies] WARN  o.e.m.c.i.embedder.EclipseLogger - The artifact org.hibernate:hibernate-core:jar:6.4.4.Final has been relocated to org.hibernate.orm:hibernate-core:jar:6.4.4.Final
2024-04-19 20:21:18,395 [Worker-32: Building] WARN  o.a.m.s.f.DefaultMavenResourcesFiltering - Using platform encoding (UTF-8 actually) to copy filtered resources, i.e. build is platform dependent!
2024-04-19 20:21:18,401 [Worker-32: Building] INFO  o.a.m.s.f.DefaultMavenResourcesFiltering - Copying 0 resource from src\main\resources to target\classes
2024-04-19 20:21:18,405 [Worker-32: Building] WARN  o.a.m.s.f.DefaultMavenResourcesFiltering - Using platform encoding (UTF-8 actually) to copy filtered resources, i.e. build is platform dependent!
2024-04-19 20:21:18,408 [Worker-32: Building] INFO  o.a.m.s.f.DefaultMavenResourcesFiltering - Copying 0 resource from src\test\resources to target\test-classes
2024-04-19 20:21:33,500 [Worker-35: Launching Executing clean in C__BaiTapLonPhanTan_QuanLiLuongSanPham] INFO  o.eclipse.m2e.core.internal.Bundles - getClasspathEntries(Bundle=org.eclipse.m2e.maven.runtime_3.9.600.20231203-1234 [635])
2024-04-19 20:21:33,503 [Worker-35: Launching Executing clean in C__BaiTapLonPhanTan_QuanLiLuongSanPham] INFO  o.eclipse.m2e.core.internal.Bundles - 	Entry: C:\Users\quoca\.p2\pool\plugins\org.eclipse.m2e.maven.runtime_3.9.600.20231203-1234
2024-04-19 20:21:33,505 [Worker-35: Launching Executing clean in C__BaiTapLonPhanTan_QuanLiLuongSanPham] INFO  o.eclipse.m2e.core.internal.Bundles - 	Entry: C:\Users\quoca\.p2\pool\plugins\org.eclipse.m2e.maven.runtime_3.9.600.20231203-1234\jars\aopalliance-1.0.jar
2024-04-19 20:21:33,505 [Worker-35: Launching Executing clean in C__BaiTapLonPhanTan_QuanLiLuongSanPham] INFO  o.eclipse.m2e.core.internal.Bundles - 	Entry: C:\Users\quoca\.p2\pool\plugins\org.eclipse.m2e.maven.runtime_3.9.600.20231203-1234\jars\guice-5.1.0.jar
2024-04-19 20:21:33,505 [Worker-35: Launching Executing clean in C__BaiTapLonPhanTan_QuanLiLuongSanPham] INFO  o.eclipse.m2e.core.internal.Bundles - 	Entry: C:\Users\quoca\.p2\pool\plugins\org.eclipse.m2e.maven.runtime_3.9.600.20231203-1234\jars\httpclient-4.5.14.jar
2024-04-19 20:21:33,506 [Worker-35: Launching Executing clean in C__BaiTapLonPhanTan_QuanLiLuongSanPham] INFO  o.eclipse.m2e.core.internal.Bundles - 	Entry: C:\Users\quoca\.p2\pool\plugins\org.eclipse.m2e.maven.runtime_3.9.600.20231203-1234\jars\httpcore-4.4.16.jar
2024-04-19 20:21:33,507 [Worker-35: Launching Executing clean in C__BaiTapLonPhanTan_QuanLiLuongSanPham] INFO  o.eclipse.m2e.core.internal.Bundles - 	Entry: C:\Users\quoca\.p2\pool\plugins\org.eclipse.m2e.maven.runtime_3.9.600.20231203-1234\jars\jansi-2.4.0.jar
2024-04-19 20:21:33,508 [Worker-35: Launching Executing clean in C__BaiTapLonPhanTan_QuanLiLuongSanPham] INFO  o.eclipse.m2e.core.internal.Bundles - 	Entry: C:\Users\quoca\.p2\pool\plugins\org.eclipse.m2e.maven.runtime_3.9.600.20231203-1234\jars\jcl-over-slf4j-1.7.36.jar
2024-04-19 20:21:33,508 [Worker-35: Launching Executing clean in C__BaiTapLonPhanTan_QuanLiLuongSanPham] INFO  o.eclipse.m2e.core.internal.Bundles - 	Entry: C:\Users\quoca\.p2\pool\plugins\org.eclipse.m2e.maven.runtime_3.9.600.20231203-1234\jars\maven-artifact-3.9.6.jar
2024-04-19 20:21:33,508 [Worker-35: Launching Executing clean in C__BaiTapLonPhanTan_QuanLiLuongSanPham] INFO  o.eclipse.m2e.core.internal.Bundles - 	Entry: C:\Users\quoca\.p2\pool\plugins\org.eclipse.m2e.maven.runtime_3.9.600.20231203-1234\jars\maven-builder-support-3.9.6.jar
2024-04-19 20:21:33,508 [Worker-35: Launching Executing clean in C__BaiTapLonPhanTan_QuanLiLuongSanPham] INFO  o.eclipse.m2e.core.internal.Bundles - 	Entry: C:\Users\quoca\.p2\pool\plugins\org.eclipse.m2e.maven.runtime_3.9.600.20231203-1234\jars\maven-compat-3.9.6.jar
2024-04-19 20:21:33,509 [Worker-35: Launching Executing clean in C__BaiTapLonPhanTan_QuanLiLuongSanPham] INFO  o.eclipse.m2e.core.internal.Bundles - 	Entry: C:\Users\quoca\.p2\pool\plugins\org.eclipse.m2e.maven.runtime_3.9.600.20231203-1234\jars\maven-core-3.9.6.jar
2024-04-19 20:21:33,509 [Worker-35: Launching Executing clean in C__BaiTapLonPhanTan_QuanLiLuongSanPham] INFO  o.eclipse.m2e.core.internal.Bundles - 	Entry: C:\Users\quoca\.p2\pool\plugins\org.eclipse.m2e.maven.runtime_3.9.600.20231203-1234\jars\maven-embedder-3.9.6.jar
2024-04-19 20:21:33,509 [Worker-35: Launching Executing clean in C__BaiTapLonPhanTan_QuanLiLuongSanPham] INFO  o.eclipse.m2e.core.internal.Bundles - 	Entry: C:\Users\quoca\.p2\pool\plugins\org.eclipse.m2e.maven.runtime_3.9.600.20231203-1234\jars\maven-model-3.9.6.jar
2024-04-19 20:21:33,509 [Worker-35: Launching Executing clean in C__BaiTapLonPhanTan_QuanLiLuongSanPham] INFO  o.eclipse.m2e.core.internal.Bundles - 	Entry: C:\Users\quoca\.p2\pool\plugins\org.eclipse.m2e.maven.runtime_3.9.600.20231203-1234\jars\maven-model-builder-3.9.6.jar
2024-04-19 20:21:33,510 [Worker-35: Launching Executing clean in C__BaiTapLonPhanTan_QuanLiLuongSanPham] INFO  o.eclipse.m2e.core.internal.Bundles - 	Entry: C:\Users\quoca\.p2\pool\plugins\org.eclipse.m2e.maven.runtime_3.9.600.20231203-1234\jars\maven-plugin-api-3.9.6.jar
2024-04-19 20:21:33,510 [Worker-35: Launching Executing clean in C__BaiTapLonPhanTan_QuanLiLuongSanPham] INFO  o.eclipse.m2e.core.internal.Bundles - 	Entry: C:\Users\quoca\.p2\pool\plugins\org.eclipse.m2e.maven.runtime_3.9.600.20231203-1234\jars\maven-repository-metadata-3.9.6.jar
2024-04-19 20:21:33,510 [Worker-35: Launching Executing clean in C__BaiTapLonPhanTan_QuanLiLuongSanPham] INFO  o.eclipse.m2e.core.internal.Bundles - 	Entry: C:\Users\quoca\.p2\pool\plugins\org.eclipse.m2e.maven.runtime_3.9.600.20231203-1234\jars\maven-resolver-api-1.9.18.jar
2024-04-19 20:21:33,510 [Worker-35: Launching Executing clean in C__BaiTapLonPhanTan_QuanLiLuongSanPham] INFO  o.eclipse.m2e.core.internal.Bundles - 	Entry: C:\Users\quoca\.p2\pool\plugins\org.eclipse.m2e.maven.runtime_3.9.600.20231203-1234\jars\maven-resolver-connector-basic-1.9.18.jar
2024-04-19 20:21:33,510 [Worker-35: Launching Executing clean in C__BaiTapLonPhanTan_QuanLiLuongSanPham] INFO  o.eclipse.m2e.core.internal.Bundles - 	Entry: C:\Users\quoca\.p2\pool\plugins\org.eclipse.m2e.maven.runtime_3.9.600.20231203-1234\jars\maven-resolver-impl-1.9.18.jar
2024-04-19 20:21:33,510 [Worker-35: Launching Executing clean in C__BaiTapLonPhanTan_QuanLiLuongSanPham] INFO  o.eclipse.m2e.core.internal.Bundles - 	Entry: C:\Users\quoca\.p2\pool\plugins\org.eclipse.m2e.maven.runtime_3.9.600.20231203-1234\jars\maven-resolver-named-locks-1.9.18.jar
2024-04-19 20:21:33,511 [Worker-35: Launching Executing clean in C__BaiTapLonPhanTan_QuanLiLuongSanPham] INFO  o.eclipse.m2e.core.internal.Bundles - 	Entry: C:\Users\quoca\.p2\pool\plugins\org.eclipse.m2e.maven.runtime_3.9.600.20231203-1234\jars\maven-resolver-provider-3.9.6.jar
2024-04-19 20:21:33,511 [Worker-35: Launching Executing clean in C__BaiTapLonPhanTan_QuanLiLuongSanPham] INFO  o.eclipse.m2e.core.internal.Bundles - 	Entry: C:\Users\quoca\.p2\pool\plugins\org.eclipse.m2e.maven.runtime_3.9.600.20231203-1234\jars\maven-resolver-spi-1.9.18.jar
2024-04-19 20:21:33,511 [Worker-35: Launching Executing clean in C__BaiTapLonPhanTan_QuanLiLuongSanPham] INFO  o.eclipse.m2e.core.internal.Bundles - 	Entry: C:\Users\quoca\.p2\pool\plugins\org.eclipse.m2e.maven.runtime_3.9.600.20231203-1234\jars\maven-resolver-transport-file-1.9.18.jar
2024-04-19 20:21:33,511 [Worker-35: Launching Executing clean in C__BaiTapLonPhanTan_QuanLiLuongSanPham] INFO  o.eclipse.m2e.core.internal.Bundles - 	Entry: C:\Users\quoca\.p2\pool\plugins\org.eclipse.m2e.maven.runtime_3.9.600.20231203-1234\jars\maven-resolver-transport-http-1.9.18.jar
2024-04-19 20:21:33,511 [Worker-35: Launching Executing clean in C__BaiTapLonPhanTan_QuanLiLuongSanPham] INFO  o.eclipse.m2e.core.internal.Bundles - 	Entry: C:\Users\quoca\.p2\pool\plugins\org.eclipse.m2e.maven.runtime_3.9.600.20231203-1234\jars\maven-resolver-transport-wagon-1.9.18.jar
2024-04-19 20:21:33,511 [Worker-35: Launching Executing clean in C__BaiTapLonPhanTan_QuanLiLuongSanPham] INFO  o.eclipse.m2e.core.internal.Bundles - 	Entry: C:\Users\quoca\.p2\pool\plugins\org.eclipse.m2e.maven.runtime_3.9.600.20231203-1234\jars\maven-resolver-util-1.9.18.jar
2024-04-19 20:21:33,511 [Worker-35: Launching Executing clean in C__BaiTapLonPhanTan_QuanLiLuongSanPham] INFO  o.eclipse.m2e.core.internal.Bundles - 	Entry: C:\Users\quoca\.p2\pool\plugins\org.eclipse.m2e.maven.runtime_3.9.600.20231203-1234\jars\maven-settings-3.9.6.jar
2024-04-19 20:21:33,511 [Worker-35: Launching Executing clean in C__BaiTapLonPhanTan_QuanLiLuongSanPham] INFO  o.eclipse.m2e.core.internal.Bundles - 	Entry: C:\Users\quoca\.p2\pool\plugins\org.eclipse.m2e.maven.runtime_3.9.600.20231203-1234\jars\maven-settings-builder-3.9.6.jar
2024-04-19 20:21:33,511 [Worker-35: Launching Executing clean in C__BaiTapLonPhanTan_QuanLiLuongSanPham] INFO  o.eclipse.m2e.core.internal.Bundles - 	Entry: C:\Users\quoca\.p2\pool\plugins\org.eclipse.m2e.maven.runtime_3.9.600.20231203-1234\jars\maven-shared-utils-3.3.4.jar
2024-04-19 20:21:33,511 [Worker-35: Launching Executing clean in C__BaiTapLonPhanTan_QuanLiLuongSanPham] INFO  o.eclipse.m2e.core.internal.Bundles - 	Entry: C:\Users\quoca\.p2\pool\plugins\org.eclipse.m2e.maven.runtime_3.9.600.20231203-1234\jars\org.eclipse.sisu.inject-0.9.0.M2.jar
2024-04-19 20:21:33,512 [Worker-35: Launching Executing clean in C__BaiTapLonPhanTan_QuanLiLuongSanPham] INFO  o.eclipse.m2e.core.internal.Bundles - 	Entry: C:\Users\quoca\.p2\pool\plugins\org.eclipse.m2e.maven.runtime_3.9.600.20231203-1234\jars\org.eclipse.sisu.plexus-0.9.0.M2.jar
2024-04-19 20:21:33,512 [Worker-35: Launching Executing clean in C__BaiTapLonPhanTan_QuanLiLuongSanPham] INFO  o.eclipse.m2e.core.internal.Bundles - 	Entry: C:\Users\quoca\.p2\pool\plugins\org.eclipse.m2e.maven.runtime_3.9.600.20231203-1234\jars\plexus-build-api-0.0.7.jar
2024-04-19 20:21:33,512 [Worker-35: Launching Executing clean in C__BaiTapLonPhanTan_QuanLiLuongSanPham] INFO  o.eclipse.m2e.core.internal.Bundles - 	Entry: C:\Users\quoca\.p2\pool\plugins\org.eclipse.m2e.maven.runtime_3.9.600.20231203-1234\jars\plexus-cipher-2.0.jar
2024-04-19 20:21:33,512 [Worker-35: Launching Executing clean in C__BaiTapLonPhanTan_QuanLiLuongSanPham] INFO  o.eclipse.m2e.core.internal.Bundles - 	Entry: C:\Users\quoca\.p2\pool\plugins\org.eclipse.m2e.maven.runtime_3.9.600.20231203-1234\jars\plexus-classworlds-2.7.0.jar
2024-04-19 20:21:33,512 [Worker-35: Launching Executing clean in C__BaiTapLonPhanTan_QuanLiLuongSanPham] INFO  o.eclipse.m2e.core.internal.Bundles - 	Entry: C:\Users\quoca\.p2\pool\plugins\org.eclipse.m2e.maven.runtime_3.9.600.20231203-1234\jars\plexus-component-annotations-2.1.0.jar
2024-04-19 20:21:33,512 [Worker-35: Launching Executing clean in C__BaiTapLonPhanTan_QuanLiLuongSanPham] INFO  o.eclipse.m2e.core.internal.Bundles - 	Entry: C:\Users\quoca\.p2\pool\plugins\org.eclipse.m2e.maven.runtime_3.9.600.20231203-1234\jars\plexus-interpolation-1.26.jar
2024-04-19 20:21:33,512 [Worker-35: Launching Executing clean in C__BaiTapLonPhanTan_QuanLiLuongSanPham] INFO  o.eclipse.m2e.core.internal.Bundles - 	Entry: C:\Users\quoca\.p2\pool\plugins\org.eclipse.m2e.maven.runtime_3.9.600.20231203-1234\jars\plexus-sec-dispatcher-2.0.jar
2024-04-19 20:21:33,513 [Worker-35: Launching Executing clean in C__BaiTapLonPhanTan_QuanLiLuongSanPham] INFO  o.eclipse.m2e.core.internal.Bundles - 	Entry: C:\Users\quoca\.p2\pool\plugins\org.eclipse.m2e.maven.runtime_3.9.600.20231203-1234\jars\plexus-utils-3.5.1.jar
2024-04-19 20:21:33,513 [Worker-35: Launching Executing clean in C__BaiTapLonPhanTan_QuanLiLuongSanPham] INFO  o.eclipse.m2e.core.internal.Bundles - 	Entry: C:\Users\quoca\.p2\pool\plugins\org.eclipse.m2e.maven.runtime_3.9.600.20231203-1234\jars\wagon-file-3.5.3.jar
2024-04-19 20:21:33,513 [Worker-35: Launching Executing clean in C__BaiTapLonPhanTan_QuanLiLuongSanPham] INFO  o.eclipse.m2e.core.internal.Bundles - 	Entry: C:\Users\quoca\.p2\pool\plugins\org.eclipse.m2e.maven.runtime_3.9.600.20231203-1234\jars\wagon-http-3.5.3.jar
2024-04-19 20:21:33,513 [Worker-35: Launching Executing clean in C__BaiTapLonPhanTan_QuanLiLuongSanPham] INFO  o.eclipse.m2e.core.internal.Bundles - 	Entry: C:\Users\quoca\.p2\pool\plugins\org.eclipse.m2e.maven.runtime_3.9.600.20231203-1234\jars\wagon-http-shared-3.5.3.jar
2024-04-19 20:21:33,513 [Worker-35: Launching Executing clean in C__BaiTapLonPhanTan_QuanLiLuongSanPham] INFO  o.eclipse.m2e.core.internal.Bundles - 	Entry: C:\Users\quoca\.p2\pool\plugins\org.eclipse.m2e.maven.runtime_3.9.600.20231203-1234\jars\wagon-provider-api-3.5.3.jar
2024-04-19 20:21:33,516 [Worker-35: Launching Executing clean in C__BaiTapLonPhanTan_QuanLiLuongSanPham] INFO  o.eclipse.m2e.core.internal.Bundles - getClasspathEntries(Bundle=com.google.guava_33.0.0.jre [14])
2024-04-19 20:21:33,517 [Worker-35: Launching Executing clean in C__BaiTapLonPhanTan_QuanLiLuongSanPham] INFO  o.eclipse.m2e.core.internal.Bundles - 	Entry: C:\Users\quoca\.p2\pool\plugins\com.google.guava_33.0.0.jre.jar
2024-04-19 20:21:33,518 [Worker-35: Launching Executing clean in C__BaiTapLonPhanTan_QuanLiLuongSanPham] INFO  o.eclipse.m2e.core.internal.Bundles - getClasspathEntries(Bundle=slf4j.api_2.0.12 [998])
2024-04-19 20:21:33,519 [Worker-35: Launching Executing clean in C__BaiTapLonPhanTan_QuanLiLuongSanPham] INFO  o.eclipse.m2e.core.internal.Bundles - 	Entry: C:\Users\quoca\.p2\pool\plugins\slf4j.api_2.0.12.jar
2024-04-19 20:21:33,519 [Worker-35: Launching Executing clean in C__BaiTapLonPhanTan_QuanLiLuongSanPham] INFO  o.eclipse.m2e.core.internal.Bundles - getClasspathEntries(Bundle=jakarta.inject.jakarta.inject-api_1.0.5 [32])
2024-04-19 20:21:33,519 [Worker-35: Launching Executing clean in C__BaiTapLonPhanTan_QuanLiLuongSanPham] INFO  o.eclipse.m2e.core.internal.Bundles - 	Entry: C:\Users\quoca\.p2\pool\plugins\jakarta.inject.jakarta.inject-api_1.0.5.jar
2024-04-19 20:21:33,519 [Worker-35: Launching Executing clean in C__BaiTapLonPhanTan_QuanLiLuongSanPham] INFO  o.eclipse.m2e.core.internal.Bundles - getClasspathEntries(Bundle=jakarta.annotation-api_1.3.5 [27])
2024-04-19 20:21:33,520 [Worker-35: Launching Executing clean in C__BaiTapLonPhanTan_QuanLiLuongSanPham] INFO  o.eclipse.m2e.core.internal.Bundles - 	Entry: C:\Users\quoca\.p2\pool\plugins\jakarta.annotation-api_1.3.5.jar
2024-04-19 20:21:33,520 [Worker-35: Launching Executing clean in C__BaiTapLonPhanTan_QuanLiLuongSanPham] INFO  o.eclipse.m2e.core.internal.Bundles - getClasspathEntries(Bundle=org.apache.commons.cli_1.6.0 [75])
2024-04-19 20:21:33,520 [Worker-35: Launching Executing clean in C__BaiTapLonPhanTan_QuanLiLuongSanPham] INFO  o.eclipse.m2e.core.internal.Bundles - 	Entry: C:\Users\quoca\.p2\pool\plugins\org.apache.commons.cli_1.6.0.jar
2024-04-19 20:21:33,520 [Worker-35: Launching Executing clean in C__BaiTapLonPhanTan_QuanLiLuongSanPham] INFO  o.eclipse.m2e.core.internal.Bundles - getClasspathEntries(Bundle=org.apache.commons.commons-codec_1.16.0 [78])
2024-04-19 20:21:33,521 [Worker-35: Launching Executing clean in C__BaiTapLonPhanTan_QuanLiLuongSanPham] INFO  o.eclipse.m2e.core.internal.Bundles - 	Entry: C:\Users\quoca\.p2\pool\plugins\org.apache.commons.commons-codec_1.16.0.jar
2024-04-19 20:21:33,521 [Worker-35: Launching Executing clean in C__BaiTapLonPhanTan_QuanLiLuongSanPham] INFO  o.eclipse.m2e.core.internal.Bundles - getClasspathEntries(Bundle=org.apache.commons.lang3_3.14.0 [86])
2024-04-19 20:21:33,521 [Worker-35: Launching Executing clean in C__BaiTapLonPhanTan_QuanLiLuongSanPham] INFO  o.eclipse.m2e.core.internal.Bundles - 	Entry: C:\Users\quoca\.p2\pool\plugins\org.apache.commons.lang3_3.14.0.jar
2024-04-19 20:21:33,521 [Worker-35: Launching Executing clean in C__BaiTapLonPhanTan_QuanLiLuongSanPham] INFO  o.eclipse.m2e.core.internal.Bundles - getClasspathEntries(Bundle=com.google.guava.failureaccess_1.0.2 [15])
2024-04-19 20:21:33,521 [Worker-35: Launching Executing clean in C__BaiTapLonPhanTan_QuanLiLuongSanPham] INFO  o.eclipse.m2e.core.internal.Bundles - 	Entry: C:\Users\quoca\.p2\pool\plugins\com.google.guava.failureaccess_1.0.2.jar
2024-04-19 20:21:33,530 [Worker-35: Launching Executing clean in C__BaiTapLonPhanTan_QuanLiLuongSanPham] INFO  o.e.m.i.launch.MavenLaunchDelegate - Run build in "C:\BaiTapLonPhanTan\QuanLiLuongSanPham":
2024-04-19 20:21:33,541 [Worker-35: Launching Executing clean in C__BaiTapLonPhanTan_QuanLiLuongSanPham] INFO  o.e.m.i.launch.MavenLaunchDelegate -  mvn  -B -Dstyle.color=always clean
2024-04-19 20:21:36,920 [Worker-3: Building] WARN  o.a.m.s.f.DefaultMavenResourcesFiltering - Using platform encoding (UTF-8 actually) to copy filtered resources, i.e. build is platform dependent!
2024-04-19 20:21:36,921 [Worker-3: Building] INFO  o.a.m.s.f.DefaultMavenResourcesFiltering - Copying 0 resource from src\main\resources to target\classes
2024-04-19 20:21:36,923 [Worker-3: Building] WARN  o.a.m.s.f.DefaultMavenResourcesFiltering - Using platform encoding (UTF-8 actually) to copy filtered resources, i.e. build is platform dependent!
2024-04-19 20:21:36,923 [Worker-3: Building] INFO  o.a.m.s.f.DefaultMavenResourcesFiltering - Copying 0 resource from src\test\resources to target\test-classes
2024-04-19 20:21:45,701 [Worker-25: Launching Executing install in C__BaiTapLonPhanTan_QuanLiLuongSanPham] INFO  o.eclipse.m2e.core.internal.Bundles - getClasspathEntries(Bundle=org.eclipse.m2e.maven.runtime_3.9.600.20231203-1234 [635])
2024-04-19 20:21:45,702 [Worker-25: Launching Executing install in C__BaiTapLonPhanTan_QuanLiLuongSanPham] INFO  o.eclipse.m2e.core.internal.Bundles - 	Entry: C:\Users\quoca\.p2\pool\plugins\org.eclipse.m2e.maven.runtime_3.9.600.20231203-1234
2024-04-19 20:21:45,702 [Worker-25: Launching Executing install in C__BaiTapLonPhanTan_QuanLiLuongSanPham] INFO  o.eclipse.m2e.core.internal.Bundles - 	Entry: C:\Users\quoca\.p2\pool\plugins\org.eclipse.m2e.maven.runtime_3.9.600.20231203-1234\jars\aopalliance-1.0.jar
2024-04-19 20:21:45,702 [Worker-25: Launching Executing install in C__BaiTapLonPhanTan_QuanLiLuongSanPham] INFO  o.eclipse.m2e.core.internal.Bundles - 	Entry: C:\Users\quoca\.p2\pool\plugins\org.eclipse.m2e.maven.runtime_3.9.600.20231203-1234\jars\guice-5.1.0.jar
2024-04-19 20:21:45,702 [Worker-25: Launching Executing install in C__BaiTapLonPhanTan_QuanLiLuongSanPham] INFO  o.eclipse.m2e.core.internal.Bundles - 	Entry: C:\Users\quoca\.p2\pool\plugins\org.eclipse.m2e.maven.runtime_3.9.600.20231203-1234\jars\httpclient-4.5.14.jar
2024-04-19 20:21:45,702 [Worker-25: Launching Executing install in C__BaiTapLonPhanTan_QuanLiLuongSanPham] INFO  o.eclipse.m2e.core.internal.Bundles - 	Entry: C:\Users\quoca\.p2\pool\plugins\org.eclipse.m2e.maven.runtime_3.9.600.20231203-1234\jars\httpcore-4.4.16.jar
2024-04-19 20:21:45,702 [Worker-25: Launching Executing install in C__BaiTapLonPhanTan_QuanLiLuongSanPham] INFO  o.eclipse.m2e.core.internal.Bundles - 	Entry: C:\Users\quoca\.p2\pool\plugins\org.eclipse.m2e.maven.runtime_3.9.600.20231203-1234\jars\jansi-2.4.0.jar
2024-04-19 20:21:45,702 [Worker-25: Launching Executing install in C__BaiTapLonPhanTan_QuanLiLuongSanPham] INFO  o.eclipse.m2e.core.internal.Bundles - 	Entry: C:\Users\quoca\.p2\pool\plugins\org.eclipse.m2e.maven.runtime_3.9.600.20231203-1234\jars\jcl-over-slf4j-1.7.36.jar
2024-04-19 20:21:45,702 [Worker-25: Launching Executing install in C__BaiTapLonPhanTan_QuanLiLuongSanPham] INFO  o.eclipse.m2e.core.internal.Bundles - 	Entry: C:\Users\quoca\.p2\pool\plugins\org.eclipse.m2e.maven.runtime_3.9.600.20231203-1234\jars\maven-artifact-3.9.6.jar
2024-04-19 20:21:45,702 [Worker-25: Launching Executing install in C__BaiTapLonPhanTan_QuanLiLuongSanPham] INFO  o.eclipse.m2e.core.internal.Bundles - 	Entry: C:\Users\quoca\.p2\pool\plugins\org.eclipse.m2e.maven.runtime_3.9.600.20231203-1234\jars\maven-builder-support-3.9.6.jar
2024-04-19 20:21:45,702 [Worker-25: Launching Executing install in C__BaiTapLonPhanTan_QuanLiLuongSanPham] INFO  o.eclipse.m2e.core.internal.Bundles - 	Entry: C:\Users\quoca\.p2\pool\plugins\org.eclipse.m2e.maven.runtime_3.9.600.20231203-1234\jars\maven-compat-3.9.6.jar
2024-04-19 20:21:45,702 [Worker-25: Launching Executing install in C__BaiTapLonPhanTan_QuanLiLuongSanPham] INFO  o.eclipse.m2e.core.internal.Bundles - 	Entry: C:\Users\quoca\.p2\pool\plugins\org.eclipse.m2e.maven.runtime_3.9.600.20231203-1234\jars\maven-core-3.9.6.jar
2024-04-19 20:21:45,702 [Worker-25: Launching Executing install in C__BaiTapLonPhanTan_QuanLiLuongSanPham] INFO  o.eclipse.m2e.core.internal.Bundles - 	Entry: C:\Users\quoca\.p2\pool\plugins\org.eclipse.m2e.maven.runtime_3.9.600.20231203-1234\jars\maven-embedder-3.9.6.jar
2024-04-19 20:21:45,702 [Worker-25: Launching Executing install in C__BaiTapLonPhanTan_QuanLiLuongSanPham] INFO  o.eclipse.m2e.core.internal.Bundles - 	Entry: C:\Users\quoca\.p2\pool\plugins\org.eclipse.m2e.maven.runtime_3.9.600.20231203-1234\jars\maven-model-3.9.6.jar
2024-04-19 20:21:45,702 [Worker-25: Launching Executing install in C__BaiTapLonPhanTan_QuanLiLuongSanPham] INFO  o.eclipse.m2e.core.internal.Bundles - 	Entry: C:\Users\quoca\.p2\pool\plugins\org.eclipse.m2e.maven.runtime_3.9.600.20231203-1234\jars\maven-model-builder-3.9.6.jar
2024-04-19 20:21:45,702 [Worker-25: Launching Executing install in C__BaiTapLonPhanTan_QuanLiLuongSanPham] INFO  o.eclipse.m2e.core.internal.Bundles - 	Entry: C:\Users\quoca\.p2\pool\plugins\org.eclipse.m2e.maven.runtime_3.9.600.20231203-1234\jars\maven-plugin-api-3.9.6.jar
2024-04-19 20:21:45,702 [Worker-25: Launching Executing install in C__BaiTapLonPhanTan_QuanLiLuongSanPham] INFO  o.eclipse.m2e.core.internal.Bundles - 	Entry: C:\Users\quoca\.p2\pool\plugins\org.eclipse.m2e.maven.runtime_3.9.600.20231203-1234\jars\maven-repository-metadata-3.9.6.jar
2024-04-19 20:21:45,702 [Worker-25: Launching Executing install in C__BaiTapLonPhanTan_QuanLiLuongSanPham] INFO  o.eclipse.m2e.core.internal.Bundles - 	Entry: C:\Users\quoca\.p2\pool\plugins\org.eclipse.m2e.maven.runtime_3.9.600.20231203-1234\jars\maven-resolver-api-1.9.18.jar
2024-04-19 20:21:45,702 [Worker-25: Launching Executing install in C__BaiTapLonPhanTan_QuanLiLuongSanPham] INFO  o.eclipse.m2e.core.internal.Bundles - 	Entry: C:\Users\quoca\.p2\pool\plugins\org.eclipse.m2e.maven.runtime_3.9.600.20231203-1234\jars\maven-resolver-connector-basic-1.9.18.jar
2024-04-19 20:21:45,702 [Worker-25: Launching Executing install in C__BaiTapLonPhanTan_QuanLiLuongSanPham] INFO  o.eclipse.m2e.core.internal.Bundles - 	Entry: C:\Users\quoca\.p2\pool\plugins\org.eclipse.m2e.maven.runtime_3.9.600.20231203-1234\jars\maven-resolver-impl-1.9.18.jar
2024-04-19 20:21:45,704 [Worker-25: Launching Executing install in C__BaiTapLonPhanTan_QuanLiLuongSanPham] INFO  o.eclipse.m2e.core.internal.Bundles - 	Entry: C:\Users\quoca\.p2\pool\plugins\org.eclipse.m2e.maven.runtime_3.9.600.20231203-1234\jars\maven-resolver-named-locks-1.9.18.jar
2024-04-19 20:21:45,704 [Worker-25: Launching Executing install in C__BaiTapLonPhanTan_QuanLiLuongSanPham] INFO  o.eclipse.m2e.core.internal.Bundles - 	Entry: C:\Users\quoca\.p2\pool\plugins\org.eclipse.m2e.maven.runtime_3.9.600.20231203-1234\jars\maven-resolver-provider-3.9.6.jar
2024-04-19 20:21:45,704 [Worker-25: Launching Executing install in C__BaiTapLonPhanTan_QuanLiLuongSanPham] INFO  o.eclipse.m2e.core.internal.Bundles - 	Entry: C:\Users\quoca\.p2\pool\plugins\org.eclipse.m2e.maven.runtime_3.9.600.20231203-1234\jars\maven-resolver-spi-1.9.18.jar
2024-04-19 20:21:45,704 [Worker-25: Launching Executing install in C__BaiTapLonPhanTan_QuanLiLuongSanPham] INFO  o.eclipse.m2e.core.internal.Bundles - 	Entry: C:\Users\quoca\.p2\pool\plugins\org.eclipse.m2e.maven.runtime_3.9.600.20231203-1234\jars\maven-resolver-transport-file-1.9.18.jar
2024-04-19 20:21:45,704 [Worker-25: Launching Executing install in C__BaiTapLonPhanTan_QuanLiLuongSanPham] INFO  o.eclipse.m2e.core.internal.Bundles - 	Entry: C:\Users\quoca\.p2\pool\plugins\org.eclipse.m2e.maven.runtime_3.9.600.20231203-1234\jars\maven-resolver-transport-http-1.9.18.jar
2024-04-19 20:21:45,704 [Worker-25: Launching Executing install in C__BaiTapLonPhanTan_QuanLiLuongSanPham] INFO  o.eclipse.m2e.core.internal.Bundles - 	Entry: C:\Users\quoca\.p2\pool\plugins\org.eclipse.m2e.maven.runtime_3.9.600.20231203-1234\jars\maven-resolver-transport-wagon-1.9.18.jar
2024-04-19 20:21:45,704 [Worker-25: Launching Executing install in C__BaiTapLonPhanTan_QuanLiLuongSanPham] INFO  o.eclipse.m2e.core.internal.Bundles - 	Entry: C:\Users\quoca\.p2\pool\plugins\org.eclipse.m2e.maven.runtime_3.9.600.20231203-1234\jars\maven-resolver-util-1.9.18.jar
2024-04-19 20:21:45,704 [Worker-25: Launching Executing install in C__BaiTapLonPhanTan_QuanLiLuongSanPham] INFO  o.eclipse.m2e.core.internal.Bundles - 	Entry: C:\Users\quoca\.p2\pool\plugins\org.eclipse.m2e.maven.runtime_3.9.600.20231203-1234\jars\maven-settings-3.9.6.jar
2024-04-19 20:21:45,704 [Worker-25: Launching Executing install in C__BaiTapLonPhanTan_QuanLiLuongSanPham] INFO  o.eclipse.m2e.core.internal.Bundles - 	Entry: C:\Users\quoca\.p2\pool\plugins\org.eclipse.m2e.maven.runtime_3.9.600.20231203-1234\jars\maven-settings-builder-3.9.6.jar
2024-04-19 20:21:45,704 [Worker-25: Launching Executing install in C__BaiTapLonPhanTan_QuanLiLuongSanPham] INFO  o.eclipse.m2e.core.internal.Bundles - 	Entry: C:\Users\quoca\.p2\pool\plugins\org.eclipse.m2e.maven.runtime_3.9.600.20231203-1234\jars\maven-shared-utils-3.3.4.jar
2024-04-19 20:21:45,704 [Worker-25: Launching Executing install in C__BaiTapLonPhanTan_QuanLiLuongSanPham] INFO  o.eclipse.m2e.core.internal.Bundles - 	Entry: C:\Users\quoca\.p2\pool\plugins\org.eclipse.m2e.maven.runtime_3.9.600.20231203-1234\jars\org.eclipse.sisu.inject-0.9.0.M2.jar
2024-04-19 20:21:45,704 [Worker-25: Launching Executing install in C__BaiTapLonPhanTan_QuanLiLuongSanPham] INFO  o.eclipse.m2e.core.internal.Bundles - 	Entry: C:\Users\quoca\.p2\pool\plugins\org.eclipse.m2e.maven.runtime_3.9.600.20231203-1234\jars\org.eclipse.sisu.plexus-0.9.0.M2.jar
2024-04-19 20:21:45,704 [Worker-25: Launching Executing install in C__BaiTapLonPhanTan_QuanLiLuongSanPham] INFO  o.eclipse.m2e.core.internal.Bundles - 	Entry: C:\Users\quoca\.p2\pool\plugins\org.eclipse.m2e.maven.runtime_3.9.600.20231203-1234\jars\plexus-build-api-0.0.7.jar
2024-04-19 20:21:45,705 [Worker-25: Launching Executing install in C__BaiTapLonPhanTan_QuanLiLuongSanPham] INFO  o.eclipse.m2e.core.internal.Bundles - 	Entry: C:\Users\quoca\.p2\pool\plugins\org.eclipse.m2e.maven.runtime_3.9.600.20231203-1234\jars\plexus-cipher-2.0.jar
2024-04-19 20:21:45,705 [Worker-25: Launching Executing install in C__BaiTapLonPhanTan_QuanLiLuongSanPham] INFO  o.eclipse.m2e.core.internal.Bundles - 	Entry: C:\Users\quoca\.p2\pool\plugins\org.eclipse.m2e.maven.runtime_3.9.600.20231203-1234\jars\plexus-classworlds-2.7.0.jar
2024-04-19 20:21:45,705 [Worker-25: Launching Executing install in C__BaiTapLonPhanTan_QuanLiLuongSanPham] INFO  o.eclipse.m2e.core.internal.Bundles - 	Entry: C:\Users\quoca\.p2\pool\plugins\org.eclipse.m2e.maven.runtime_3.9.600.20231203-1234\jars\plexus-component-annotations-2.1.0.jar
2024-04-19 20:21:45,706 [Worker-25: Launching Executing install in C__BaiTapLonPhanTan_QuanLiLuongSanPham] INFO  o.eclipse.m2e.core.internal.Bundles - 	Entry: C:\Users\quoca\.p2\pool\plugins\org.eclipse.m2e.maven.runtime_3.9.600.20231203-1234\jars\plexus-interpolation-1.26.jar
2024-04-19 20:21:45,706 [Worker-25: Launching Executing install in C__BaiTapLonPhanTan_QuanLiLuongSanPham] INFO  o.eclipse.m2e.core.internal.Bundles - 	Entry: C:\Users\quoca\.p2\pool\plugins\org.eclipse.m2e.maven.runtime_3.9.600.20231203-1234\jars\plexus-sec-dispatcher-2.0.jar
2024-04-19 20:21:45,706 [Worker-25: Launching Executing install in C__BaiTapLonPhanTan_QuanLiLuongSanPham] INFO  o.eclipse.m2e.core.internal.Bundles - 	Entry: C:\Users\quoca\.p2\pool\plugins\org.eclipse.m2e.maven.runtime_3.9.600.20231203-1234\jars\plexus-utils-3.5.1.jar
2024-04-19 20:21:45,706 [Worker-25: Launching Executing install in C__BaiTapLonPhanTan_QuanLiLuongSanPham] INFO  o.eclipse.m2e.core.internal.Bundles - 	Entry: C:\Users\quoca\.p2\pool\plugins\org.eclipse.m2e.maven.runtime_3.9.600.20231203-1234\jars\wagon-file-3.5.3.jar
2024-04-19 20:21:45,706 [Worker-25: Launching Executing install in C__BaiTapLonPhanTan_QuanLiLuongSanPham] INFO  o.eclipse.m2e.core.internal.Bundles - 	Entry: C:\Users\quoca\.p2\pool\plugins\org.eclipse.m2e.maven.runtime_3.9.600.20231203-1234\jars\wagon-http-3.5.3.jar
2024-04-19 20:21:45,707 [Worker-25: Launching Executing install in C__BaiTapLonPhanTan_QuanLiLuongSanPham] INFO  o.eclipse.m2e.core.internal.Bundles - 	Entry: C:\Users\quoca\.p2\pool\plugins\org.eclipse.m2e.maven.runtime_3.9.600.20231203-1234\jars\wagon-http-shared-3.5.3.jar
2024-04-19 20:21:45,707 [Worker-25: Launching Executing install in C__BaiTapLonPhanTan_QuanLiLuongSanPham] INFO  o.eclipse.m2e.core.internal.Bundles - 	Entry: C:\Users\quoca\.p2\pool\plugins\org.eclipse.m2e.maven.runtime_3.9.600.20231203-1234\jars\wagon-provider-api-3.5.3.jar
2024-04-19 20:21:45,707 [Worker-25: Launching Executing install in C__BaiTapLonPhanTan_QuanLiLuongSanPham] INFO  o.eclipse.m2e.core.internal.Bundles - getClasspathEntries(Bundle=com.google.guava_33.0.0.jre [14])
2024-04-19 20:21:45,709 [Worker-25: Launching Executing install in C__BaiTapLonPhanTan_QuanLiLuongSanPham] INFO  o.eclipse.m2e.core.internal.Bundles - 	Entry: C:\Users\quoca\.p2\pool\plugins\com.google.guava_33.0.0.jre.jar
2024-04-19 20:21:45,710 [Worker-25: Launching Executing install in C__BaiTapLonPhanTan_QuanLiLuongSanPham] INFO  o.eclipse.m2e.core.internal.Bundles - getClasspathEntries(Bundle=slf4j.api_2.0.12 [998])
2024-04-19 20:21:45,711 [Worker-25: Launching Executing install in C__BaiTapLonPhanTan_QuanLiLuongSanPham] INFO  o.eclipse.m2e.core.internal.Bundles - 	Entry: C:\Users\quoca\.p2\pool\plugins\slf4j.api_2.0.12.jar
2024-04-19 20:21:45,711 [Worker-25: Launching Executing install in C__BaiTapLonPhanTan_QuanLiLuongSanPham] INFO  o.eclipse.m2e.core.internal.Bundles - getClasspathEntries(Bundle=jakarta.inject.jakarta.inject-api_1.0.5 [32])
2024-04-19 20:21:45,711 [Worker-25: Launching Executing install in C__BaiTapLonPhanTan_QuanLiLuongSanPham] INFO  o.eclipse.m2e.core.internal.Bundles - 	Entry: C:\Users\quoca\.p2\pool\plugins\jakarta.inject.jakarta.inject-api_1.0.5.jar
2024-04-19 20:21:45,711 [Worker-25: Launching Executing install in C__BaiTapLonPhanTan_QuanLiLuongSanPham] INFO  o.eclipse.m2e.core.internal.Bundles - getClasspathEntries(Bundle=jakarta.annotation-api_1.3.5 [27])
2024-04-19 20:21:45,711 [Worker-25: Launching Executing install in C__BaiTapLonPhanTan_QuanLiLuongSanPham] INFO  o.eclipse.m2e.core.internal.Bundles - 	Entry: C:\Users\quoca\.p2\pool\plugins\jakarta.annotation-api_1.3.5.jar
2024-04-19 20:21:45,711 [Worker-25: Launching Executing install in C__BaiTapLonPhanTan_QuanLiLuongSanPham] INFO  o.eclipse.m2e.core.internal.Bundles - getClasspathEntries(Bundle=org.apache.commons.cli_1.6.0 [75])
2024-04-19 20:21:45,712 [Worker-25: Launching Executing install in C__BaiTapLonPhanTan_QuanLiLuongSanPham] INFO  o.eclipse.m2e.core.internal.Bundles - 	Entry: C:\Users\quoca\.p2\pool\plugins\org.apache.commons.cli_1.6.0.jar
2024-04-19 20:21:45,712 [Worker-25: Launching Executing install in C__BaiTapLonPhanTan_QuanLiLuongSanPham] INFO  o.eclipse.m2e.core.internal.Bundles - getClasspathEntries(Bundle=org.apache.commons.commons-codec_1.16.0 [78])
2024-04-19 20:21:45,712 [Worker-25: Launching Executing install in C__BaiTapLonPhanTan_QuanLiLuongSanPham] INFO  o.eclipse.m2e.core.internal.Bundles - 	Entry: C:\Users\quoca\.p2\pool\plugins\org.apache.commons.commons-codec_1.16.0.jar
2024-04-19 20:21:45,712 [Worker-25: Launching Executing install in C__BaiTapLonPhanTan_QuanLiLuongSanPham] INFO  o.eclipse.m2e.core.internal.Bundles - getClasspathEntries(Bundle=org.apache.commons.lang3_3.14.0 [86])
2024-04-19 20:21:45,712 [Worker-25: Launching Executing install in C__BaiTapLonPhanTan_QuanLiLuongSanPham] INFO  o.eclipse.m2e.core.internal.Bundles - 	Entry: C:\Users\quoca\.p2\pool\plugins\org.apache.commons.lang3_3.14.0.jar
2024-04-19 20:21:45,712 [Worker-25: Launching Executing install in C__BaiTapLonPhanTan_QuanLiLuongSanPham] INFO  o.eclipse.m2e.core.internal.Bundles - getClasspathEntries(Bundle=com.google.guava.failureaccess_1.0.2 [15])
2024-04-19 20:21:45,712 [Worker-25: Launching Executing install in C__BaiTapLonPhanTan_QuanLiLuongSanPham] INFO  o.eclipse.m2e.core.internal.Bundles - 	Entry: C:\Users\quoca\.p2\pool\plugins\com.google.guava.failureaccess_1.0.2.jar
2024-04-19 20:21:45,715 [Worker-25: Launching Executing install in C__BaiTapLonPhanTan_QuanLiLuongSanPham] INFO  o.e.m.i.launch.MavenLaunchDelegate - Run build in "C:\BaiTapLonPhanTan\QuanLiLuongSanPham":
2024-04-19 20:21:45,717 [Worker-25: Launching Executing install in C__BaiTapLonPhanTan_QuanLiLuongSanPham] INFO  o.e.m.i.launch.MavenLaunchDelegate -  mvn  -B -Dstyle.color=always install
2024-04-19 20:23:04,693 [Worker-29: Building] INFO  o.e.m.c.i.l.LifecycleMappingFactory - Using org.eclipse.m2e.jdt.JarLifecycleMapping lifecycle mapping for MavenProject: huy.com:QuanLiLuongSanPham:0.0.1-SNAPSHOT @ C:\BaiTapLonPhanTan\QuanLiLuongSanPham\pom.xml.
2024-04-19 20:23:05,142 [Worker-29: Building] WARN  o.e.m.c.i.embedder.EclipseLogger - The artifact org.hibernate:hibernate-core:jar:6.4.4.Final has been relocated to org.hibernate.orm:hibernate-core:jar:6.4.4.Final
2024-04-19 20:23:05,643 [Worker-29: Building] WARN  o.a.m.s.f.DefaultMavenResourcesFiltering - Using platform encoding (UTF-8 actually) to copy filtered resources, i.e. build is platform dependent!
2024-04-19 20:23:05,653 [Worker-29: Building] INFO  o.a.m.s.f.DefaultMavenResourcesFiltering - Copying 0 resource from src\main\resources to target\classes
2024-04-19 20:23:05,662 [Worker-29: Building] WARN  o.a.m.s.f.DefaultMavenResourcesFiltering - Using platform encoding (UTF-8 actually) to copy filtered resources, i.e. build is platform dependent!
2024-04-19 20:23:05,670 [Worker-29: Building] INFO  o.a.m.s.f.DefaultMavenResourcesFiltering - Copying 0 resource from src\test\resources to target\test-classes
2024-04-19 20:24:05,921 [Worker-8: Building] WARN  o.a.m.s.f.DefaultMavenResourcesFiltering - Using platform encoding (UTF-8 actually) to copy filtered resources, i.e. build is platform dependent!
2024-04-19 20:24:05,923 [Worker-8: Building] INFO  o.a.m.s.f.DefaultMavenResourcesFiltering - Copying 0 resource from src\main\resources to target\classes
2024-04-19 20:24:05,928 [Worker-8: Building] WARN  o.a.m.s.f.DefaultMavenResourcesFiltering - Using platform encoding (UTF-8 actually) to copy filtered resources, i.e. build is platform dependent!
2024-04-19 20:24:05,931 [Worker-8: Building] INFO  o.a.m.s.f.DefaultMavenResourcesFiltering - Copying 0 resource from src\test\resources to target\test-classes
2024-04-19 20:25:37,555 [Worker-8: Building] INFO  o.e.m.c.i.l.LifecycleMappingFactory - Using org.eclipse.m2e.jdt.JarLifecycleMapping lifecycle mapping for MavenProject: huy.com:QuanLiLuongSanPham:0.0.1-SNAPSHOT @ C:\BaiTapLonPhanTan\QuanLiLuongSanPham\pom.xml.
2024-04-19 20:25:37,801 [Worker-8: Building] WARN  o.e.m.c.i.embedder.EclipseLogger - The artifact org.hibernate:hibernate-core:jar:6.4.4.Final has been relocated to org.hibernate.orm:hibernate-core:jar:6.4.4.Final
2024-04-19 20:25:38,031 [Worker-8: Building] WARN  o.a.m.s.f.DefaultMavenResourcesFiltering - Using platform encoding (UTF-8 actually) to copy filtered resources, i.e. build is platform dependent!
2024-04-19 20:25:38,034 [Worker-8: Building] INFO  o.a.m.s.f.DefaultMavenResourcesFiltering - Copying 0 resource from src\main\resources to target\classes
2024-04-19 20:25:38,040 [Worker-8: Building] WARN  o.a.m.s.f.DefaultMavenResourcesFiltering - Using platform encoding (UTF-8 actually) to copy filtered resources, i.e. build is platform dependent!
2024-04-19 20:25:38,041 [Worker-8: Building] INFO  o.a.m.s.f.DefaultMavenResourcesFiltering - Copying 0 resource from src\test\resources to target\test-classes
2024-04-19 20:25:40,675 [Worker-13: Building] INFO  o.e.m.c.i.l.LifecycleMappingFactory - Using org.eclipse.m2e.jdt.JarLifecycleMapping lifecycle mapping for MavenProject: huy.com:QuanLiLuongSanPham:0.0.1-SNAPSHOT @ C:\BaiTapLonPhanTan\QuanLiLuongSanPham\pom.xml.
2024-04-19 20:25:40,900 [Worker-13: Building] WARN  o.e.m.c.i.embedder.EclipseLogger - The artifact org.hibernate:hibernate-core:jar:6.4.4.Final has been relocated to org.hibernate.orm:hibernate-core:jar:6.4.4.Final
2024-04-19 20:25:41,130 [Worker-13: Building] WARN  o.a.m.s.f.DefaultMavenResourcesFiltering - Using platform encoding (UTF-8 actually) to copy filtered resources, i.e. build is platform dependent!
2024-04-19 20:25:41,132 [Worker-13: Building] INFO  o.a.m.s.f.DefaultMavenResourcesFiltering - Copying 0 resource from src\main\resources to target\classes
2024-04-19 20:25:41,137 [Worker-13: Building] WARN  o.a.m.s.f.DefaultMavenResourcesFiltering - Using platform encoding (UTF-8 actually) to copy filtered resources, i.e. build is platform dependent!
2024-04-19 20:25:41,138 [Worker-13: Building] INFO  o.a.m.s.f.DefaultMavenResourcesFiltering - Copying 0 resource from src\test\resources to target\test-classes
2024-04-19 20:26:45,233 [Worker-12: Building] WARN  o.a.m.s.f.DefaultMavenResourcesFiltering - Using platform encoding (UTF-8 actually) to copy filtered resources, i.e. build is platform dependent!
2024-04-19 20:26:45,235 [Worker-12: Building] INFO  o.a.m.s.f.DefaultMavenResourcesFiltering - Copying 0 resource from src\main\resources to target\classes
2024-04-19 20:26:45,238 [Worker-12: Building] WARN  o.a.m.s.f.DefaultMavenResourcesFiltering - Using platform encoding (UTF-8 actually) to copy filtered resources, i.e. build is platform dependent!
2024-04-19 20:26:45,242 [Worker-12: Building] INFO  o.a.m.s.f.DefaultMavenResourcesFiltering - Copying 0 resource from src\test\resources to target\test-classes
2024-04-19 20:27:20,688 [Worker-24: Building] WARN  o.a.m.s.f.DefaultMavenResourcesFiltering - Using platform encoding (UTF-8 actually) to copy filtered resources, i.e. build is platform dependent!
2024-04-19 20:27:20,690 [Worker-24: Building] INFO  o.a.m.s.f.DefaultMavenResourcesFiltering - Copying 0 resource from src\main\resources to target\classes
2024-04-19 20:27:20,694 [Worker-24: Building] WARN  o.a.m.s.f.DefaultMavenResourcesFiltering - Using platform encoding (UTF-8 actually) to copy filtered resources, i.e. build is platform dependent!
2024-04-19 20:27:20,696 [Worker-24: Building] INFO  o.a.m.s.f.DefaultMavenResourcesFiltering - Copying 0 resource from src\test\resources to target\test-classes
2024-04-19 20:28:23,801 [Worker-29: Building] WARN  o.a.m.s.f.DefaultMavenResourcesFiltering - Using platform encoding (UTF-8 actually) to copy filtered resources, i.e. build is platform dependent!
2024-04-19 20:28:23,804 [Worker-29: Building] INFO  o.a.m.s.f.DefaultMavenResourcesFiltering - Copying 0 resource from src\main\resources to target\classes
2024-04-19 20:28:23,807 [Worker-29: Building] WARN  o.a.m.s.f.DefaultMavenResourcesFiltering - Using platform encoding (UTF-8 actually) to copy filtered resources, i.e. build is platform dependent!
2024-04-19 20:28:23,807 [Worker-29: Building] INFO  o.a.m.s.f.DefaultMavenResourcesFiltering - Copying 0 resource from src\test\resources to target\test-classes
2024-04-19 20:30:37,128 [Worker-5: Building] WARN  o.a.m.s.f.DefaultMavenResourcesFiltering - Using platform encoding (UTF-8 actually) to copy filtered resources, i.e. build is platform dependent!
2024-04-19 20:30:37,133 [Worker-5: Building] INFO  o.a.m.s.f.DefaultMavenResourcesFiltering - Copying 0 resource from src\main\resources to target\classes
2024-04-19 20:30:37,135 [Worker-5: Building] WARN  o.a.m.s.f.DefaultMavenResourcesFiltering - Using platform encoding (UTF-8 actually) to copy filtered resources, i.e. build is platform dependent!
2024-04-19 20:30:37,139 [Worker-5: Building] INFO  o.a.m.s.f.DefaultMavenResourcesFiltering - Copying 0 resource from src\test\resources to target\test-classes
2024-04-19 20:31:36,371 [Worker-29: Building] WARN  o.a.m.s.f.DefaultMavenResourcesFiltering - Using platform encoding (UTF-8 actually) to copy filtered resources, i.e. build is platform dependent!
2024-04-19 20:31:36,373 [Worker-29: Building] INFO  o.a.m.s.f.DefaultMavenResourcesFiltering - Copying 0 resource from src\main\resources to target\classes
2024-04-19 20:31:36,375 [Worker-29: Building] WARN  o.a.m.s.f.DefaultMavenResourcesFiltering - Using platform encoding (UTF-8 actually) to copy filtered resources, i.e. build is platform dependent!
2024-04-19 20:31:36,376 [Worker-29: Building] INFO  o.a.m.s.f.DefaultMavenResourcesFiltering - Copying 0 resource from src\test\resources to target\test-classes
2024-04-19 20:32:01,451 [Worker-5: Building] INFO  o.e.m.c.i.l.LifecycleMappingFactory - Using org.eclipse.m2e.jdt.JarLifecycleMapping lifecycle mapping for MavenProject: huy.com:QuanLiLuongSanPham:0.0.1-SNAPSHOT @ C:\BaiTapLonPhanTan\QuanLiLuongSanPham\pom.xml.
2024-04-19 20:32:01,552 [Worker-5: Building] WARN  o.a.m.s.f.DefaultMavenResourcesFiltering - Using platform encoding (UTF-8 actually) to copy filtered resources, i.e. build is platform dependent!
2024-04-19 20:32:01,555 [Worker-5: Building] INFO  o.a.m.s.f.DefaultMavenResourcesFiltering - Copying 0 resource from src\main\resources to target\classes
2024-04-19 20:32:01,559 [Worker-5: Building] WARN  o.a.m.s.f.DefaultMavenResourcesFiltering - Using platform encoding (UTF-8 actually) to copy filtered resources, i.e. build is platform dependent!
2024-04-19 20:32:01,560 [Worker-5: Building] INFO  o.a.m.s.f.DefaultMavenResourcesFiltering - Copying 0 resource from src\test\resources to target\test-classes
2024-04-19 20:32:02,902 [Worker-19: Building] WARN  o.a.m.s.f.DefaultMavenResourcesFiltering - Using platform encoding (UTF-8 actually) to copy filtered resources, i.e. build is platform dependent!
2024-04-19 20:32:02,903 [Worker-19: Building] INFO  o.a.m.s.f.DefaultMavenResourcesFiltering - Copying 0 resource from src\main\resources to target\classes
2024-04-19 20:32:02,906 [Worker-19: Building] WARN  o.a.m.s.f.DefaultMavenResourcesFiltering - Using platform encoding (UTF-8 actually) to copy filtered resources, i.e. build is platform dependent!
2024-04-19 20:32:02,907 [Worker-19: Building] INFO  o.a.m.s.f.DefaultMavenResourcesFiltering - Copying 0 resource from src\test\resources to target\test-classes
2024-04-19 20:32:08,409 [Worker-29: Building] INFO  o.e.m.c.i.l.LifecycleMappingFactory - Using org.eclipse.m2e.jdt.JarLifecycleMapping lifecycle mapping for MavenProject: huy.com:QuanLiLuongSanPham:0.0.1-SNAPSHOT @ C:\BaiTapLonPhanTan\QuanLiLuongSanPham\pom.xml.
2024-04-19 20:32:08,541 [Worker-29: Building] WARN  o.e.m.c.i.embedder.EclipseLogger - The artifact org.hibernate:hibernate-core:jar:6.4.4.Final has been relocated to org.hibernate.orm:hibernate-core:jar:6.4.4.Final
2024-04-19 20:32:08,768 [Worker-29: Building] WARN  o.a.m.s.f.DefaultMavenResourcesFiltering - Using platform encoding (UTF-8 actually) to copy filtered resources, i.e. build is platform dependent!
2024-04-19 20:32:08,770 [Worker-29: Building] INFO  o.a.m.s.f.DefaultMavenResourcesFiltering - Copying 0 resource from src\main\resources to target\classes
2024-04-19 20:32:08,777 [Worker-29: Building] WARN  o.a.m.s.f.DefaultMavenResourcesFiltering - Using platform encoding (UTF-8 actually) to copy filtered resources, i.e. build is platform dependent!
2024-04-19 20:32:08,780 [Worker-29: Building] INFO  o.a.m.s.f.DefaultMavenResourcesFiltering - Copying 0 resource from src\test\resources to target\test-classes
2024-04-19 20:32:10,187 [Worker-30: Building] WARN  o.a.m.s.f.DefaultMavenResourcesFiltering - Using platform encoding (UTF-8 actually) to copy filtered resources, i.e. build is platform dependent!
2024-04-19 20:32:10,189 [Worker-30: Building] INFO  o.a.m.s.f.DefaultMavenResourcesFiltering - Copying 0 resource from src\main\resources to target\classes
2024-04-19 20:32:10,193 [Worker-30: Building] WARN  o.a.m.s.f.DefaultMavenResourcesFiltering - Using platform encoding (UTF-8 actually) to copy filtered resources, i.e. build is platform dependent!
2024-04-19 20:32:10,194 [Worker-30: Building] INFO  o.a.m.s.f.DefaultMavenResourcesFiltering - Copying 0 resource from src\test\resources to target\test-classes
2024-04-19 20:34:04,459 [Worker-19: Creating project "QuanLyLuongSP"] INFO  o.e.m.c.i.l.LifecycleMappingFactory - Using org.eclipse.m2e.jdt.JarLifecycleMapping lifecycle mapping for MavenProject: iuh.fit:QuanLyLuongSP:0.0.1-SNAPSHOT @ C:\BaiTapLonPhanTan\QuanLyLuongSP\pom.xml.
2024-04-19 20:34:04,763 [Worker-19: Creating project "QuanLyLuongSP"] INFO  o.e.m.j.i.AbstractJavaProjectConfigurator - Adding source folder /QuanLyLuongSP/src/main/java
2024-04-19 20:34:04,764 [Worker-19: Creating project "QuanLyLuongSP"] INFO  o.e.m.j.i.AbstractJavaProjectConfigurator - Adding resource folder /QuanLyLuongSP/src/main/resources
2024-04-19 20:34:04,765 [Worker-19: Creating project "QuanLyLuongSP"] INFO  o.e.m.j.i.AbstractJavaProjectConfigurator - Adding source folder /QuanLyLuongSP/src/test/java
2024-04-19 20:34:04,766 [Worker-19: Creating project "QuanLyLuongSP"] INFO  o.e.m.j.i.AbstractJavaProjectConfigurator - Adding resource folder /QuanLyLuongSP/src/test/resources
2024-04-19 20:34:05,095 [Worker-19: Building] WARN  o.a.m.s.f.DefaultMavenResourcesFiltering - Using platform encoding (UTF-8 actually) to copy filtered resources, i.e. build is platform dependent!
2024-04-19 20:34:05,096 [Worker-19: Building] INFO  o.a.m.s.f.DefaultMavenResourcesFiltering - Copying 0 resource from src\main\resources to target\classes
2024-04-19 20:34:05,098 [Worker-19: Building] WARN  o.a.m.s.f.DefaultMavenResourcesFiltering - Using platform encoding (UTF-8 actually) to copy filtered resources, i.e. build is platform dependent!
2024-04-19 20:34:05,100 [Worker-19: Building] INFO  o.a.m.s.f.DefaultMavenResourcesFiltering - Copying 0 resource from src\test\resources to target\test-classes
2024-04-19 20:34:13,896 [Worker-39: Building Project QuanLyLuongSP] WARN  o.a.m.s.f.DefaultMavenResourcesFiltering - Using platform encoding (UTF-8 actually) to copy filtered resources, i.e. build is platform dependent!
2024-04-19 20:34:13,902 [Worker-39: Building Project QuanLyLuongSP] INFO  o.a.m.s.f.DefaultMavenResourcesFiltering - Copying 0 resource from src\main\resources to target\classes
2024-04-19 20:34:13,904 [Worker-39: Building Project QuanLyLuongSP] WARN  o.a.m.s.f.DefaultMavenResourcesFiltering - Using platform encoding (UTF-8 actually) to copy filtered resources, i.e. build is platform dependent!
2024-04-19 20:34:13,905 [Worker-39: Building Project QuanLyLuongSP] INFO  o.a.m.s.f.DefaultMavenResourcesFiltering - Copying 0 resource from src\test\resources to target\test-classes
2024-04-19 20:34:29,451 [Worker-16: Building] WARN  o.a.m.s.f.DefaultMavenResourcesFiltering - Using platform encoding (UTF-8 actually) to copy filtered resources, i.e. build is platform dependent!
2024-04-19 20:34:29,453 [Worker-16: Building] INFO  o.a.m.s.f.DefaultMavenResourcesFiltering - Copying 0 resource from src\main\resources to target\classes
2024-04-19 20:34:29,456 [Worker-16: Building] WARN  o.a.m.s.f.DefaultMavenResourcesFiltering - Using platform encoding (UTF-8 actually) to copy filtered resources, i.e. build is platform dependent!
2024-04-19 20:34:29,458 [Worker-16: Building] INFO  o.a.m.s.f.DefaultMavenResourcesFiltering - Copying 0 resource from src\test\resources to target\test-classes
2024-04-19 20:35:12,909 [Worker-19: Creating project "QuanLyLuongSP"] INFO  o.e.m.c.i.l.LifecycleMappingFactory - Using org.eclipse.m2e.jdt.JarLifecycleMapping lifecycle mapping for MavenProject: iuh.fit:QuanLyLuongSP:0.0.1-SNAPSHOT @ C:\BaiTapLonPhanTan\QuanLyLuongSP\pom.xml.
2024-04-19 20:35:13,190 [Worker-19: Creating project "QuanLyLuongSP"] INFO  o.e.m.j.i.AbstractJavaProjectConfigurator - Adding source folder /QuanLyLuongSP/src/main/java
2024-04-19 20:35:13,190 [Worker-19: Creating project "QuanLyLuongSP"] INFO  o.e.m.j.i.AbstractJavaProjectConfigurator - Adding resource folder /QuanLyLuongSP/src/main/resources
2024-04-19 20:35:13,190 [Worker-19: Creating project "QuanLyLuongSP"] INFO  o.e.m.j.i.AbstractJavaProjectConfigurator - Adding source folder /QuanLyLuongSP/src/test/java
2024-04-19 20:35:13,191 [Worker-19: Creating project "QuanLyLuongSP"] INFO  o.e.m.j.i.AbstractJavaProjectConfigurator - Adding resource folder /QuanLyLuongSP/src/test/resources
2024-04-19 20:35:13,432 [Worker-16: Building] WARN  o.a.m.s.f.DefaultMavenResourcesFiltering - Using platform encoding (UTF-8 actually) to copy filtered resources, i.e. build is platform dependent!
2024-04-19 20:35:13,433 [Worker-16: Building] INFO  o.a.m.s.f.DefaultMavenResourcesFiltering - Copying 0 resource from src\main\resources to target\classes
2024-04-19 20:35:13,436 [Worker-16: Building] WARN  o.a.m.s.f.DefaultMavenResourcesFiltering - Using platform encoding (UTF-8 actually) to copy filtered resources, i.e. build is platform dependent!
2024-04-19 20:35:13,437 [Worker-16: Building] INFO  o.a.m.s.f.DefaultMavenResourcesFiltering - Copying 0 resource from src\test\resources to target\test-classes
2024-04-19 20:35:19,033 [Worker-40: Building Project QuanLyLuongSP] WARN  o.a.m.s.f.DefaultMavenResourcesFiltering - Using platform encoding (UTF-8 actually) to copy filtered resources, i.e. build is platform dependent!
2024-04-19 20:35:19,034 [Worker-40: Building Project QuanLyLuongSP] INFO  o.a.m.s.f.DefaultMavenResourcesFiltering - Copying 0 resource from src\main\resources to target\classes
2024-04-19 20:35:19,038 [Worker-40: Building Project QuanLyLuongSP] WARN  o.a.m.s.f.DefaultMavenResourcesFiltering - Using platform encoding (UTF-8 actually) to copy filtered resources, i.e. build is platform dependent!
2024-04-19 20:35:19,042 [Worker-40: Building Project QuanLyLuongSP] INFO  o.a.m.s.f.DefaultMavenResourcesFiltering - Copying 0 resource from src\test\resources to target\test-classes
2024-04-19 20:35:36,690 [Worker-41: Building Project QuanLyLuongSP] WARN  o.a.m.s.f.DefaultMavenResourcesFiltering - Using platform encoding (UTF-8 actually) to copy filtered resources, i.e. build is platform dependent!
2024-04-19 20:35:36,695 [Worker-41: Building Project QuanLyLuongSP] INFO  o.a.m.s.f.DefaultMavenResourcesFiltering - Copying 0 resource from src\main\resources to target\classes
2024-04-19 20:35:36,697 [Worker-41: Building Project QuanLyLuongSP] WARN  o.a.m.s.f.DefaultMavenResourcesFiltering - Using platform encoding (UTF-8 actually) to copy filtered resources, i.e. build is platform dependent!
2024-04-19 20:35:36,698 [Worker-41: Building Project QuanLyLuongSP] INFO  o.a.m.s.f.DefaultMavenResourcesFiltering - Copying 0 resource from src\test\resources to target\test-classes
2024-04-19 20:35:37,822 [Worker-42: Building] WARN  o.a.m.s.f.DefaultMavenResourcesFiltering - Using platform encoding (UTF-8 actually) to copy filtered resources, i.e. build is platform dependent!
2024-04-19 20:35:37,823 [Worker-42: Building] INFO  o.a.m.s.f.DefaultMavenResourcesFiltering - Copying 0 resource from src\main\resources to target\classes
2024-04-19 20:35:37,825 [Worker-42: Building] WARN  o.a.m.s.f.DefaultMavenResourcesFiltering - Using platform encoding (UTF-8 actually) to copy filtered resources, i.e. build is platform dependent!
2024-04-19 20:35:37,826 [Worker-42: Building] INFO  o.a.m.s.f.DefaultMavenResourcesFiltering - Copying 0 resource from src\test\resources to target\test-classes
2024-04-19 20:35:54,871 [Worker-40: Building] WARN  o.a.m.s.f.DefaultMavenResourcesFiltering - Using platform encoding (UTF-8 actually) to copy filtered resources, i.e. build is platform dependent!
2024-04-19 20:35:54,880 [Worker-40: Building] INFO  o.a.m.s.f.DefaultMavenResourcesFiltering - Copying 0 resource from src\main\resources to target\classes
2024-04-19 20:35:54,893 [Worker-40: Building] WARN  o.a.m.s.f.DefaultMavenResourcesFiltering - Using platform encoding (UTF-8 actually) to copy filtered resources, i.e. build is platform dependent!
2024-04-19 20:35:54,895 [Worker-40: Building] INFO  o.a.m.s.f.DefaultMavenResourcesFiltering - Copying 0 resource from src\test\resources to target\test-classes
2024-04-19 20:36:16,895 [Worker-41: Building] WARN  o.a.m.s.f.DefaultMavenResourcesFiltering - Using platform encoding (UTF-8 actually) to copy filtered resources, i.e. build is platform dependent!
2024-04-19 20:36:16,898 [Worker-41: Building] INFO  o.a.m.s.f.DefaultMavenResourcesFiltering - Copying 0 resource from src\main\resources to target\classes
2024-04-19 20:36:16,900 [Worker-41: Building] WARN  o.a.m.s.f.DefaultMavenResourcesFiltering - Using platform encoding (UTF-8 actually) to copy filtered resources, i.e. build is platform dependent!
2024-04-19 20:36:16,900 [Worker-41: Building] INFO  o.a.m.s.f.DefaultMavenResourcesFiltering - Copying 0 resource from src\test\resources to target\test-classes
2024-04-19 20:36:31,072 [Worker-41: Building] INFO  o.e.m.c.i.l.LifecycleMappingFactory - Using org.eclipse.m2e.jdt.JarLifecycleMapping lifecycle mapping for MavenProject: iuh.fit:QuanLyLuongSP:0.0.1-SNAPSHOT @ C:\BaiTapLonPhanTan\QuanLyLuongSP\pom.xml.
2024-04-19 20:36:31,235 [Worker-41: Building] WARN  o.e.m.c.i.embedder.EclipseLogger - The artifact org.hibernate:hibernate-core:jar:6.4.4.Final has been relocated to org.hibernate.orm:hibernate-core:jar:6.4.4.Final
2024-04-19 20:36:31,394 [Worker-41: Building] WARN  o.a.m.s.f.DefaultMavenResourcesFiltering - Using platform encoding (UTF-8 actually) to copy filtered resources, i.e. build is platform dependent!
2024-04-19 20:36:31,395 [Worker-41: Building] INFO  o.a.m.s.f.DefaultMavenResourcesFiltering - Copying 0 resource from src\main\resources to target\classes
2024-04-19 20:36:31,398 [Worker-41: Building] WARN  o.a.m.s.f.DefaultMavenResourcesFiltering - Using platform encoding (UTF-8 actually) to copy filtered resources, i.e. build is platform dependent!
2024-04-19 20:36:31,399 [Worker-41: Building] INFO  o.a.m.s.f.DefaultMavenResourcesFiltering - Copying 0 resource from src\test\resources to target\test-classes
2024-04-19 20:36:32,618 [Worker-39: Building] WARN  o.a.m.s.f.DefaultMavenResourcesFiltering - Using platform encoding (UTF-8 actually) to copy filtered resources, i.e. build is platform dependent!
2024-04-19 20:36:32,619 [Worker-39: Building] INFO  o.a.m.s.f.DefaultMavenResourcesFiltering - Copying 0 resource from src\main\resources to target\classes
2024-04-19 20:36:32,620 [Worker-39: Building] WARN  o.a.m.s.f.DefaultMavenResourcesFiltering - Using platform encoding (UTF-8 actually) to copy filtered resources, i.e. build is platform dependent!
2024-04-19 20:36:32,621 [Worker-39: Building] INFO  o.a.m.s.f.DefaultMavenResourcesFiltering - Copying 0 resource from src\test\resources to target\test-classes
2024-04-19 20:36:49,090 [Worker-16: Building] WARN  o.a.m.s.f.DefaultMavenResourcesFiltering - Using platform encoding (UTF-8 actually) to copy filtered resources, i.e. build is platform dependent!
2024-04-19 20:36:49,092 [Worker-16: Building] INFO  o.a.m.s.f.DefaultMavenResourcesFiltering - Copying 0 resource from src\main\resources to target\classes
2024-04-19 20:36:49,094 [Worker-16: Building] WARN  o.a.m.s.f.DefaultMavenResourcesFiltering - Using platform encoding (UTF-8 actually) to copy filtered resources, i.e. build is platform dependent!
2024-04-19 20:36:49,098 [Worker-16: Building] INFO  o.a.m.s.f.DefaultMavenResourcesFiltering - Copying 0 resource from src\test\resources to target\test-classes
2024-04-19 20:36:58,392 [Worker-40: Building] WARN  o.a.m.s.f.DefaultMavenResourcesFiltering - Using platform encoding (UTF-8 actually) to copy filtered resources, i.e. build is platform dependent!
2024-04-19 20:36:58,393 [Worker-40: Building] INFO  o.a.m.s.f.DefaultMavenResourcesFiltering - Copying 0 resource from src\main\resources to target\classes
2024-04-19 20:36:58,395 [Worker-40: Building] WARN  o.a.m.s.f.DefaultMavenResourcesFiltering - Using platform encoding (UTF-8 actually) to copy filtered resources, i.e. build is platform dependent!
2024-04-19 20:36:58,396 [Worker-40: Building] INFO  o.a.m.s.f.DefaultMavenResourcesFiltering - Copying 0 resource from src\test\resources to target\test-classes
2024-04-19 20:41:14,457 [Worker-39: Building] WARN  o.a.m.s.f.DefaultMavenResourcesFiltering - Using platform encoding (UTF-8 actually) to copy filtered resources, i.e. build is platform dependent!
2024-04-19 20:41:14,461 [Worker-39: Building] INFO  o.a.m.s.f.DefaultMavenResourcesFiltering - Copying 0 resource from src\main\resources to target\classes
2024-04-19 20:41:14,462 [Worker-39: Building] WARN  o.a.m.s.f.DefaultMavenResourcesFiltering - Using platform encoding (UTF-8 actually) to copy filtered resources, i.e. build is platform dependent!
2024-04-19 20:41:14,464 [Worker-39: Building] INFO  o.a.m.s.f.DefaultMavenResourcesFiltering - Copying 0 resource from src\test\resources to target\test-classes
2024-04-19 20:41:55,041 [Worker-9: Building] WARN  o.a.m.s.f.DefaultMavenResourcesFiltering - Using platform encoding (UTF-8 actually) to copy filtered resources, i.e. build is platform dependent!
2024-04-19 20:41:55,043 [Worker-9: Building] INFO  o.a.m.s.f.DefaultMavenResourcesFiltering - Copying 0 resource from src\main\resources to target\classes
2024-04-19 20:41:55,052 [Worker-9: Building] WARN  o.a.m.s.f.DefaultMavenResourcesFiltering - Using platform encoding (UTF-8 actually) to copy filtered resources, i.e. build is platform dependent!
2024-04-19 20:41:55,054 [Worker-9: Building] INFO  o.a.m.s.f.DefaultMavenResourcesFiltering - Copying 0 resource from src\test\resources to target\test-classes
2024-04-19 20:44:36,385 [Worker-40: Building] WARN  o.a.m.s.f.DefaultMavenResourcesFiltering - Using platform encoding (UTF-8 actually) to copy filtered resources, i.e. build is platform dependent!
2024-04-19 20:44:36,386 [Worker-40: Building] INFO  o.a.m.s.f.DefaultMavenResourcesFiltering - Copying 0 resource from src\main\resources to target\classes
2024-04-19 20:44:36,388 [Worker-40: Building] WARN  o.a.m.s.f.DefaultMavenResourcesFiltering - Using platform encoding (UTF-8 actually) to copy filtered resources, i.e. build is platform dependent!
2024-04-19 20:44:36,388 [Worker-40: Building] INFO  o.a.m.s.f.DefaultMavenResourcesFiltering - Copying 0 resource from src\test\resources to target\test-classes
2024-04-19 20:45:29,938 [Worker-44: Building] WARN  o.a.m.s.f.DefaultMavenResourcesFiltering - Using platform encoding (UTF-8 actually) to copy filtered resources, i.e. build is platform dependent!
2024-04-19 20:45:29,940 [Worker-44: Building] INFO  o.a.m.s.f.DefaultMavenResourcesFiltering - Copying 0 resource from src\main\resources to target\classes
2024-04-19 20:45:29,945 [Worker-44: Building] WARN  o.a.m.s.f.DefaultMavenResourcesFiltering - Using platform encoding (UTF-8 actually) to copy filtered resources, i.e. build is platform dependent!
2024-04-19 20:45:29,947 [Worker-44: Building] INFO  o.a.m.s.f.DefaultMavenResourcesFiltering - Copying 0 resource from src\test\resources to target\test-classes
2024-04-19 20:45:46,622 [Worker-39: Building] WARN  o.a.m.s.f.DefaultMavenResourcesFiltering - Using platform encoding (UTF-8 actually) to copy filtered resources, i.e. build is platform dependent!
2024-04-19 20:45:46,623 [Worker-39: Building] INFO  o.a.m.s.f.DefaultMavenResourcesFiltering - Copying 0 resource from src\main\resources to target\classes
2024-04-19 20:45:46,624 [Worker-39: Building] WARN  o.a.m.s.f.DefaultMavenResourcesFiltering - Using platform encoding (UTF-8 actually) to copy filtered resources, i.e. build is platform dependent!
2024-04-19 20:45:46,627 [Worker-39: Building] INFO  o.a.m.s.f.DefaultMavenResourcesFiltering - Copying 0 resource from src\test\resources to target\test-classes
2024-04-19 20:46:06,331 [Worker-44: Building] WARN  o.a.m.s.f.DefaultMavenResourcesFiltering - Using platform encoding (UTF-8 actually) to copy filtered resources, i.e. build is platform dependent!
2024-04-19 20:46:06,332 [Worker-44: Building] INFO  o.a.m.s.f.DefaultMavenResourcesFiltering - Copying 0 resource from src\main\resources to target\classes
2024-04-19 20:46:06,337 [Worker-44: Building] WARN  o.a.m.s.f.DefaultMavenResourcesFiltering - Using platform encoding (UTF-8 actually) to copy filtered resources, i.e. build is platform dependent!
2024-04-19 20:46:06,338 [Worker-44: Building] INFO  o.a.m.s.f.DefaultMavenResourcesFiltering - Copying 0 resource from src\test\resources to target\test-classes
2024-04-19 20:46:11,536 [Worker-39: Building] WARN  o.a.m.s.f.DefaultMavenResourcesFiltering - Using platform encoding (UTF-8 actually) to copy filtered resources, i.e. build is platform dependent!
2024-04-19 20:46:11,537 [Worker-39: Building] INFO  o.a.m.s.f.DefaultMavenResourcesFiltering - Copying 0 resource from src\main\resources to target\classes
2024-04-19 20:46:11,541 [Worker-39: Building] WARN  o.a.m.s.f.DefaultMavenResourcesFiltering - Using platform encoding (UTF-8 actually) to copy filtered resources, i.e. build is platform dependent!
2024-04-19 20:46:11,543 [Worker-39: Building] INFO  o.a.m.s.f.DefaultMavenResourcesFiltering - Copying 0 resource from src\test\resources to target\test-classes
2024-04-19 20:46:15,138 [Worker-45: Building] WARN  o.a.m.s.f.DefaultMavenResourcesFiltering - Using platform encoding (UTF-8 actually) to copy filtered resources, i.e. build is platform dependent!
2024-04-19 20:46:15,138 [Worker-45: Building] INFO  o.a.m.s.f.DefaultMavenResourcesFiltering - Copying 0 resource from src\main\resources to target\classes
2024-04-19 20:46:15,140 [Worker-45: Building] WARN  o.a.m.s.f.DefaultMavenResourcesFiltering - Using platform encoding (UTF-8 actually) to copy filtered resources, i.e. build is platform dependent!
2024-04-19 20:46:15,141 [Worker-45: Building] INFO  o.a.m.s.f.DefaultMavenResourcesFiltering - Copying 0 resource from src\test\resources to target\test-classes
2024-04-19 20:47:54,378 [Worker-39: Creating project "QuanLyLuongSP_Client"] INFO  o.e.m.c.i.l.LifecycleMappingFactory - Using org.eclipse.m2e.jdt.JarLifecycleMapping lifecycle mapping for MavenProject: iuh.fit:QuanLyLuongSP_Client:0.0.1-SNAPSHOT @ C:\BaiTapLonPhanTan\QuanLyLuongSP_Client\pom.xml.
2024-04-19 20:47:54,705 [Worker-39: Creating project "QuanLyLuongSP_Client"] INFO  o.e.m.j.i.AbstractJavaProjectConfigurator - Adding source folder /QuanLyLuongSP_Client/src/main/java
2024-04-19 20:47:54,705 [Worker-39: Creating project "QuanLyLuongSP_Client"] INFO  o.e.m.j.i.AbstractJavaProjectConfigurator - Adding resource folder /QuanLyLuongSP_Client/src/main/resources
2024-04-19 20:47:54,706 [Worker-39: Creating project "QuanLyLuongSP_Client"] INFO  o.e.m.j.i.AbstractJavaProjectConfigurator - Adding source folder /QuanLyLuongSP_Client/src/test/java
2024-04-19 20:47:54,706 [Worker-39: Creating project "QuanLyLuongSP_Client"] INFO  o.e.m.j.i.AbstractJavaProjectConfigurator - Adding resource folder /QuanLyLuongSP_Client/src/test/resources
2024-04-19 20:47:54,896 [Worker-40: Building] WARN  o.a.m.s.f.DefaultMavenResourcesFiltering - Using platform encoding (UTF-8 actually) to copy filtered resources, i.e. build is platform dependent!
2024-04-19 20:47:54,897 [Worker-40: Building] INFO  o.a.m.s.f.DefaultMavenResourcesFiltering - Copying 0 resource from src\main\resources to target\classes
2024-04-19 20:47:54,899 [Worker-40: Building] WARN  o.a.m.s.f.DefaultMavenResourcesFiltering - Using platform encoding (UTF-8 actually) to copy filtered resources, i.e. build is platform dependent!
2024-04-19 20:47:54,900 [Worker-40: Building] INFO  o.a.m.s.f.DefaultMavenResourcesFiltering - Copying 0 resource from src\test\resources to target\test-classes
2024-04-19 20:48:08,751 [Worker-44: Building] INFO  o.e.m.c.i.l.LifecycleMappingFactory - Using org.eclipse.m2e.jdt.JarLifecycleMapping lifecycle mapping for MavenProject: iuh.fit:QuanLyLuongSP_Client:0.0.1-SNAPSHOT @ C:\BaiTapLonPhanTan\QuanLyLuongSP_Client\pom.xml.
2024-04-19 20:48:08,892 [Worker-44: Building] WARN  o.e.m.c.i.embedder.EclipseLogger - The artifact org.hibernate:hibernate-core:jar:6.4.4.Final has been relocated to org.hibernate.orm:hibernate-core:jar:6.4.4.Final
2024-04-19 20:48:08,977 [Worker-44: Building] WARN  o.a.m.s.f.DefaultMavenResourcesFiltering - Using platform encoding (UTF-8 actually) to copy filtered resources, i.e. build is platform dependent!
2024-04-19 20:48:08,979 [Worker-44: Building] INFO  o.a.m.s.f.DefaultMavenResourcesFiltering - Copying 0 resource from src\main\resources to target\classes
2024-04-19 20:48:08,982 [Worker-44: Building] WARN  o.a.m.s.f.DefaultMavenResourcesFiltering - Using platform encoding (UTF-8 actually) to copy filtered resources, i.e. build is platform dependent!
2024-04-19 20:48:08,984 [Worker-44: Building] INFO  o.a.m.s.f.DefaultMavenResourcesFiltering - Copying 0 resource from src\test\resources to target\test-classes
2024-04-19 20:48:10,184 [Worker-39: Building] WARN  o.a.m.s.f.DefaultMavenResourcesFiltering - Using platform encoding (UTF-8 actually) to copy filtered resources, i.e. build is platform dependent!
2024-04-19 20:48:10,186 [Worker-39: Building] INFO  o.a.m.s.f.DefaultMavenResourcesFiltering - Copying 0 resource from src\main\resources to target\classes
2024-04-19 20:48:10,188 [Worker-39: Building] WARN  o.a.m.s.f.DefaultMavenResourcesFiltering - Using platform encoding (UTF-8 actually) to copy filtered resources, i.e. build is platform dependent!
2024-04-19 20:48:10,189 [Worker-39: Building] INFO  o.a.m.s.f.DefaultMavenResourcesFiltering - Copying 0 resource from src\test\resources to target\test-classes
2024-04-19 20:54:35,151 [Worker-40: Building] WARN  o.a.m.s.f.DefaultMavenResourcesFiltering - Using platform encoding (UTF-8 actually) to copy filtered resources, i.e. build is platform dependent!
2024-04-19 20:54:35,152 [Worker-40: Building] INFO  o.a.m.s.f.DefaultMavenResourcesFiltering - Copying 0 resource from src\main\resources to target\classes
2024-04-19 20:54:35,156 [Worker-40: Building] WARN  o.a.m.s.f.DefaultMavenResourcesFiltering - Using platform encoding (UTF-8 actually) to copy filtered resources, i.e. build is platform dependent!
2024-04-19 20:54:35,157 [Worker-40: Building] INFO  o.a.m.s.f.DefaultMavenResourcesFiltering - Copying 0 resource from src\test\resources to target\test-classes
2024-04-19 20:54:44,746 [Worker-45: Building] WARN  o.a.m.s.f.DefaultMavenResourcesFiltering - Using platform encoding (UTF-8 actually) to copy filtered resources, i.e. build is platform dependent!
2024-04-19 20:54:44,748 [Worker-45: Building] INFO  o.a.m.s.f.DefaultMavenResourcesFiltering - Copying 0 resource from src\main\resources to target\classes
2024-04-19 20:54:44,751 [Worker-45: Building] WARN  o.a.m.s.f.DefaultMavenResourcesFiltering - Using platform encoding (UTF-8 actually) to copy filtered resources, i.e. build is platform dependent!
2024-04-19 20:54:44,754 [Worker-45: Building] INFO  o.a.m.s.f.DefaultMavenResourcesFiltering - Copying 0 resource from src\test\resources to target\test-classes
2024-04-19 21:26:32,637 [Worker-6: Loading available Gradle versions] INFO  o.e.b.c.i.u.g.PublishedGradleVersions - Gradle version information cache is out-of-date. Trying to update.
2024-04-19 21:26:59,028 [Worker-27: Building] WARN  o.e.m.c.i.embedder.EclipseLogger - The artifact org.hibernate:hibernate-core:jar:6.4.4.Final has been relocated to org.hibernate.orm:hibernate-core:jar:6.4.4.Final
2024-04-19 21:28:12,903 [Worker-33: Building] WARN  o.a.m.s.f.DefaultMavenResourcesFiltering - Using platform encoding (UTF-8 actually) to copy filtered resources, i.e. build is platform dependent!
2024-04-19 21:28:12,907 [Worker-33: Building] INFO  o.a.m.s.f.DefaultMavenResourcesFiltering - Copying 0 resource from src\main\resources to target\classes
2024-04-19 21:28:12,911 [Worker-33: Building] WARN  o.a.m.s.f.DefaultMavenResourcesFiltering - Using platform encoding (UTF-8 actually) to copy filtered resources, i.e. build is platform dependent!
2024-04-19 21:28:12,912 [Worker-33: Building] INFO  o.a.m.s.f.DefaultMavenResourcesFiltering - Copying 0 resource from src\test\resources to target\test-classes
2024-04-19 21:28:32,679 [Worker-37: Building] WARN  o.a.m.s.f.DefaultMavenResourcesFiltering - Using platform encoding (UTF-8 actually) to copy filtered resources, i.e. build is platform dependent!
2024-04-19 21:28:32,682 [Worker-37: Building] INFO  o.a.m.s.f.DefaultMavenResourcesFiltering - Copying 0 resource from src\main\resources to target\classes
2024-04-19 21:28:32,684 [Worker-37: Building] WARN  o.a.m.s.f.DefaultMavenResourcesFiltering - Using platform encoding (UTF-8 actually) to copy filtered resources, i.e. build is platform dependent!
2024-04-19 21:28:32,686 [Worker-37: Building] INFO  o.a.m.s.f.DefaultMavenResourcesFiltering - Copying 0 resource from src\test\resources to target\test-classes
2024-04-19 21:28:59,646 [Worker-29: Building] WARN  o.a.m.s.f.DefaultMavenResourcesFiltering - Using platform encoding (UTF-8 actually) to copy filtered resources, i.e. build is platform dependent!
2024-04-19 21:28:59,647 [Worker-29: Building] INFO  o.a.m.s.f.DefaultMavenResourcesFiltering - Copying 0 resource from src\main\resources to target\classes
2024-04-19 21:28:59,650 [Worker-29: Building] WARN  o.a.m.s.f.DefaultMavenResourcesFiltering - Using platform encoding (UTF-8 actually) to copy filtered resources, i.e. build is platform dependent!
2024-04-19 21:28:59,651 [Worker-29: Building] INFO  o.a.m.s.f.DefaultMavenResourcesFiltering - Copying 0 resource from src\test\resources to target\test-classes
